<?xml version="1.0" encoding="UTF-8"?>
<!-- Generated by org.testng.reporters.JUnitReportReporter -->
<testsuite hostname="LAPTOP-MJ8LKT1B" failures="0" tests="2" name="com.crm.qa.testcases.LoginTest" time="14.424" errors="0" timestamp="2021-12-26T19:31:09 IST" skipped="0">
  <testcase classname="com.crm.qa.testcases.LoginTest" name="loginPageTitleTest" time="7.418"/>
  <system-out/>
  <testcase classname="com.crm.qa.testcases.LoginTest" name="loginTest" time="7.006"/>
  <system-out/>
</testsuite> <!-- com.crm.qa.testcases.LoginTest -->
