<?xml version="1.0" encoding="UTF-8"?>
<!-- Generated by org.testng.reporters.JUnitReportReporter -->
<testsuite skipped="0" hostname="LAPTOP-MJ8LKT1B" name="com.crm.qa.testcases.LoginTest" tests="2" failures="0" timestamp="2021-12-26T21:55:50 IST" time="18.627" errors="0">
  <testcase name="loginPageTitleTest" time="7.592" classname="com.crm.qa.testcases.LoginTest"/>
  <system-out/>
  <testcase name="loginTest" time="11.035" classname="com.crm.qa.testcases.LoginTest"/>
  <system-out/>
</testsuite> <!-- com.crm.qa.testcases.LoginTest -->
