<?xml version="1.0" encoding="UTF-8"?>
<!-- Generated by org.testng.reporters.JUnitReportReporter -->
<testsuite skipped="0" hostname="LAPTOP-MJ8LKT1B" name="com.crm.qa.testcases.ContactsPageTest" tests="2" failures="0" timestamp="2021-12-26T21:55:50 IST" time="29.042" errors="0">
  <testcase name="validateCreateNewContact" time="14.169" classname="com.crm.qa.testcases.ContactsPageTest"/>
  <system-out/>
  <testcase name="verifyConatctsPageLabelTest" time="14.873" classname="com.crm.qa.testcases.ContactsPageTest"/>
  <system-out/>
</testsuite> <!-- com.crm.qa.testcases.ContactsPageTest -->
